<?xml version="1.0" encoding="UTF-8"?>
<testng-results skipped="0" failed="1" ignored="0" total="2" passed="1">
  <reporter-output>
  </reporter-output>
  <suite name="RegressionSuite" duration-ms="114826" started-at="2018-12-22T07:18:11Z" finished-at="2018-12-22T07:20:06Z">
    <groups>
    </groups>
    <test name="Home Page Module" duration-ms="57079" started-at="2018-12-22T07:18:11Z" finished-at="2018-12-22T07:19:08Z">
      <class name="com.test1.tests.HomePageTests">
        <test-method status="PASS" signature="beforeClass()[pri:0, instance:com.test1.tests.HomePageTests@61dc03ce]" name="beforeClass" is-config="true" duration-ms="6" started-at="2018-12-22T12:48:11Z" finished-at="2018-12-22T12:48:11Z">
          <reporter-output>
          </reporter-output>
        </test-method> <!-- beforeClass -->
        <test-method status="PASS" signature="testSetUp(java.lang.reflect.Method)[pri:0, instance:com.test1.tests.HomePageTests@61dc03ce]" name="testSetUp" is-config="true" duration-ms="45958" started-at="2018-12-22T12:48:11Z" finished-at="2018-12-22T12:48:57Z">
          <params>
            <param index="0">
              <value>
                <![CDATA[public void com.test1.tests.HomePageTests.testPageTitle()]]>
              </value>
            </param>
          </params>
          <reporter-output>
          </reporter-output>
        </test-method> <!-- testSetUp -->
        <test-method status="PASS" signature="beforeMethod(java.lang.reflect.Method)[pri:0, instance:com.test1.tests.HomePageTests@61dc03ce]" name="beforeMethod" is-config="true" duration-ms="0" started-at="2018-12-22T12:48:11Z" finished-at="2018-12-22T12:48:11Z">
          <params>
            <param index="0">
              <value>
                <![CDATA[public void com.test1.tests.HomePageTests.testPageTitle()]]>
              </value>
            </param>
          </params>
          <reporter-output>
          </reporter-output>
        </test-method> <!-- beforeMethod -->
        <test-method status="FAIL" signature="testPageTitle()[pri:0, instance:com.test1.tests.HomePageTests@61dc03ce]" name="testPageTitle" duration-ms="47" started-at="2018-12-22T12:48:57Z" finished-at="2018-12-22T12:48:57Z">
          <exception class="java.lang.AssertionError">
            <message>
              <![CDATA[Title is not correct expected [ABSoft Trainings – E-Commerce test web site | Home Page_Fail] but found [ABSoft Trainings – E-Commerce test web site | Home Page]]]>
            </message>
            <full-stacktrace>
              <![CDATA[java.lang.AssertionError: Title is not correct expected [ABSoft Trainings – E-Commerce test web site | Home Page_Fail] but found [ABSoft Trainings – E-Commerce test web site | Home Page]
	at org.testng.Assert.fail(Assert.java:93)
	at org.testng.Assert.failNotEquals(Assert.java:512)
	at org.testng.Assert.assertEqualsImpl(Assert.java:134)
	at org.testng.Assert.assertEquals(Assert.java:115)
	at org.testng.Assert.assertEquals(Assert.java:189)
	at com.test1.tests.HomePageTests.testPageTitle(HomePageTests.java:23)
	at sun.reflect.NativeMethodAccessorImpl.invoke0(Native Method)
	at sun.reflect.NativeMethodAccessorImpl.invoke(Unknown Source)
	at sun.reflect.DelegatingMethodAccessorImpl.invoke(Unknown Source)
	at java.lang.reflect.Method.invoke(Unknown Source)
	at org.testng.internal.MethodInvocationHelper.invokeMethod(MethodInvocationHelper.java:108)
	at org.testng.internal.Invoker.invokeMethod(Invoker.java:661)
	at org.testng.internal.Invoker.invokeTestMethod(Invoker.java:869)
	at org.testng.internal.Invoker.invokeTestMethods(Invoker.java:1193)
	at org.testng.internal.TestMethodWorker.invokeTestMethods(TestMethodWorker.java:126)
	at org.testng.internal.TestMethodWorker.run(TestMethodWorker.java:109)
	at org.testng.TestRunner.privateRun(TestRunner.java:744)
	at org.testng.TestRunner.run(TestRunner.java:602)
	at org.testng.SuiteRunner.runTest(SuiteRunner.java:380)
	at org.testng.SuiteRunner.runSequentially(SuiteRunner.java:375)
	at org.testng.SuiteRunner.privateRun(SuiteRunner.java:340)
	at org.testng.SuiteRunner.run(SuiteRunner.java:289)
	at org.testng.SuiteRunnerWorker.runSuite(SuiteRunnerWorker.java:52)
	at org.testng.SuiteRunnerWorker.run(SuiteRunnerWorker.java:86)
	at org.testng.TestNG.runSuitesSequentially(TestNG.java:1301)
	at org.testng.TestNG.runSuitesLocally(TestNG.java:1226)
	at org.testng.TestNG.runSuites(TestNG.java:1144)
	at org.testng.TestNG.run(TestNG.java:1115)
	at org.apache.maven.surefire.testng.TestNGExecutor.run(TestNGExecutor.java:281)
	at org.apache.maven.surefire.testng.TestNGXmlTestSuite.execute(TestNGXmlTestSuite.java:75)
	at org.apache.maven.surefire.testng.TestNGProvider.invoke(TestNGProvider.java:121)
	at org.apache.maven.surefire.booter.ForkedBooter.invokeProviderInSameClassLoader(ForkedBooter.java:290)
	at org.apache.maven.surefire.booter.ForkedBooter.runSuitesInProcess(ForkedBooter.java:242)
	at org.apache.maven.surefire.booter.ForkedBooter.main(ForkedBooter.java:121)
]]>
            </full-stacktrace>
          </exception> <!-- java.lang.AssertionError -->
          <reporter-output>
          </reporter-output>
        </test-method> <!-- testPageTitle -->
        <test-method status="PASS" signature="testTearDown(org.testng.ITestResult)[pri:0, instance:com.test1.tests.HomePageTests@61dc03ce]" name="testTearDown" is-config="true" duration-ms="4805" started-at="2018-12-22T12:48:57Z" finished-at="2018-12-22T12:49:02Z">
          <params>
            <param index="0">
              <value>
                <![CDATA[[TestResult name=testPageTitle status=FAILURE method=HomePageTests.testPageTitle()[pri:0, instance:com.test1.tests.HomePageTests@61dc03ce] output={null}]]]>
              </value>
            </param>
          </params>
          <reporter-output>
          </reporter-output>
        </test-method> <!-- testTearDown -->
        <test-method status="PASS" signature="afterMethod(org.testng.ITestResult)[pri:0, instance:com.test1.tests.HomePageTests@61dc03ce]" name="afterMethod" is-config="true" duration-ms="6156" started-at="2018-12-22T12:49:02Z" depends-on-methods="com.test1.tests.TestBase.testTearDown" finished-at="2018-12-22T12:49:08Z">
          <params>
            <param index="0">
              <value>
                <![CDATA[[TestResult name=testPageTitle status=FAILURE method=HomePageTests.testPageTitle()[pri:0, instance:com.test1.tests.HomePageTests@61dc03ce] output={null}]]]>
              </value>
            </param>
          </params>
          <reporter-output>
          </reporter-output>
        </test-method> <!-- afterMethod -->
      </class> <!-- com.test1.tests.HomePageTests -->
    </test> <!-- Home Page Module -->
    <test name="Login Module" duration-ms="56932" started-at="2018-12-22T07:19:09Z" finished-at="2018-12-22T07:20:06Z">
      <class name="com.test1.tests.MyAccountPageTests">
        <test-method status="PASS" signature="beforeSuite()[pri:0, instance:com.test1.tests.MyAccountPageTests@6ea12c19]" name="beforeSuite" is-config="true" duration-ms="757" started-at="2018-12-22T12:48:10Z" finished-at="2018-12-22T12:48:11Z">
          <reporter-output>
          </reporter-output>
        </test-method> <!-- beforeSuite -->
        <test-method status="PASS" signature="beforeClass()[pri:0, instance:com.test1.tests.MyAccountPageTests@6ea12c19]" name="beforeClass" is-config="true" duration-ms="2" started-at="2018-12-22T12:49:09Z" finished-at="2018-12-22T12:49:09Z">
          <reporter-output>
          </reporter-output>
        </test-method> <!-- beforeClass -->
        <test-method status="PASS" signature="beforeMethod(java.lang.reflect.Method)[pri:0, instance:com.test1.tests.MyAccountPageTests@6ea12c19]" name="beforeMethod" is-config="true" duration-ms="1" started-at="2018-12-22T12:49:09Z" finished-at="2018-12-22T12:49:09Z">
          <params>
            <param index="0">
              <value>
                <![CDATA[public void com.test1.tests.MyAccountPageTests.testPageTitle()]]>
              </value>
            </param>
          </params>
          <reporter-output>
          </reporter-output>
        </test-method> <!-- beforeMethod -->
        <test-method status="PASS" signature="testSetUp(java.lang.reflect.Method)[pri:0, instance:com.test1.tests.MyAccountPageTests@6ea12c19]" name="testSetUp" is-config="true" duration-ms="45645" started-at="2018-12-22T12:49:09Z" finished-at="2018-12-22T12:49:54Z">
          <params>
            <param index="0">
              <value>
                <![CDATA[public void com.test1.tests.MyAccountPageTests.testPageTitle()]]>
              </value>
            </param>
          </params>
          <reporter-output>
          </reporter-output>
        </test-method> <!-- testSetUp -->
        <test-method status="PASS" signature="testPageTitle()[pri:0, instance:com.test1.tests.MyAccountPageTests@6ea12c19]" name="testPageTitle" duration-ms="7353" started-at="2018-12-22T12:49:54Z" finished-at="2018-12-22T12:50:02Z">
          <reporter-output>
          </reporter-output>
        </test-method> <!-- testPageTitle -->
        <test-method status="PASS" signature="testTearDown(org.testng.ITestResult)[pri:0, instance:com.test1.tests.MyAccountPageTests@6ea12c19]" name="testTearDown" is-config="true" duration-ms="3476" started-at="2018-12-22T12:50:02Z" finished-at="2018-12-22T12:50:05Z">
          <params>
            <param index="0">
              <value>
                <![CDATA[[TestResult name=testPageTitle status=SUCCESS method=MyAccountPageTests.testPageTitle()[pri:0, instance:com.test1.tests.MyAccountPageTests@6ea12c19] output={null}]]]>
              </value>
            </param>
          </params>
          <reporter-output>
          </reporter-output>
        </test-method> <!-- testTearDown -->
        <test-method status="PASS" signature="afterMethod(org.testng.ITestResult)[pri:0, instance:com.test1.tests.MyAccountPageTests@6ea12c19]" name="afterMethod" is-config="true" duration-ms="454" started-at="2018-12-22T12:50:05Z" depends-on-methods="com.test1.tests.TestBase.testTearDown" finished-at="2018-12-22T12:50:06Z">
          <params>
            <param index="0">
              <value>
                <![CDATA[[TestResult name=testPageTitle status=SUCCESS method=MyAccountPageTests.testPageTitle()[pri:0, instance:com.test1.tests.MyAccountPageTests@6ea12c19] output={null}]]]>
              </value>
            </param>
          </params>
          <reporter-output>
          </reporter-output>
        </test-method> <!-- afterMethod -->
      </class> <!-- com.test1.tests.MyAccountPageTests -->
    </test> <!-- Login Module -->
  </suite> <!-- RegressionSuite -->
</testng-results>
